C:\DEV\150QUESTIONS\CHAPTER01\QUESTION1.2\DEBUG\QUESTION1.2.PCH
C:\DEV\150QUESTIONS\CHAPTER01\QUESTION1.2\DEBUG\STDAFX.OBJ
C:\DEV\150QUESTIONS\CHAPTER01\QUESTION1.2\DEBUG\VC110.PDB
C:\DEV\150QUESTIONS\CHAPTER01\QUESTION1.2\DEBUG\QUESTION1.2.OBJ
C:\DEV\150QUESTIONS\CHAPTER01\QUESTION1.2\DEBUG\QUESTION1.2.ILK
C:\DEV\150QUESTIONS\CHAPTER01\QUESTION1.2\DEBUG\QUESTION1.2.EXE
C:\DEV\150QUESTIONS\CHAPTER01\QUESTION1.2\DEBUG\QUESTION1.2.PDB
C:\dev\150questions\Chapter01\Question1.2\Debug\Question1.2.obj
C:\dev\150questions\Chapter01\Question1.2\Debug\stdafx.obj
C:\dev\150questions\Chapter01\Question1.2\Debug\Question1.2.ilk
C:\dev\150questions\Chapter01\Question1.2\Debug\cl.command.1.tlog
C:\dev\150questions\Chapter01\Question1.2\Debug\CL.read.1.tlog
C:\dev\150questions\Chapter01\Question1.2\Debug\CL.write.1.tlog
C:\dev\150questions\Chapter01\Question1.2\Debug\link-cvtres.read.1.tlog
C:\dev\150questions\Chapter01\Question1.2\Debug\link-cvtres.write.1.tlog
C:\dev\150questions\Chapter01\Question1.2\Debug\link-rc.read.1.tlog
C:\dev\150questions\Chapter01\Question1.2\Debug\link-rc.write.1.tlog
C:\dev\150questions\Chapter01\Question1.2\Debug\link.command.1.tlog
C:\dev\150questions\Chapter01\Question1.2\Debug\link.read.1.tlog
C:\dev\150questions\Chapter01\Question1.2\Debug\link.write.1.tlog
C:\dev\150questions\Chapter01\Question1.2\Debug\Question1.2.pch
C:\dev\150questions\Chapter01\Question1.2\Debug\vc110.idb
C:\dev\150questions\Chapter01\Question1.2\Debug\Question1.2.pdb
C:\dev\150questions\Chapter01\Question1.2\Debug\vc110.pdb
C:\dev\150questions\Chapter01\Question1.2\Debug\Question1.2.exe
